<?xml version="1.0" encoding="UTF-8"?>
<!-- Generated by org.testng.reporters.JUnitXMLReporter -->
<testsuite ignored="0" hostname="DESKTOP-OJEOPFK" failures="0" tests="5" name="Default test" time="9.385" errors="0" timestamp="2023-06-14T12:19:04 IST">
  <testcase classname="automation.Saucelab" name="inputvalidations" time="1.493"/>
  <testcase classname="automation.Saucelab" name="inputvalidations" time="1.349"/>
  <testcase classname="automation.Saucelab" name="inputvalidations" time="1.373"/>
  <testcase classname="automation.Saucelab" name="inputvalidations" time="1.461"/>
  <testcase classname="automation.Saucelab" name="inputvalidations" time="1.487"/>
</testsuite> <!-- Default test -->
