<?xml version="1.0" encoding="UTF-8"?>
<testng-results ignored="0" total="1" passed="1" failed="0" skipped="0">
  <reporter-output>
  </reporter-output>
  <suite started-at="2023-06-13T16:11:41 IST" name="Default suite" finished-at="2023-06-13T16:11:45 IST" duration-ms="3435">
    <groups>
    </groups>
    <test started-at="2023-06-13T16:11:41 IST" name="Default test" finished-at="2023-06-13T16:11:45 IST" duration-ms="3435">
      <class name="automation.Saucelab">
        <test-method is-config="true" signature="setUp()[pri:0, instance:automation.Saucelab@26d9b808]" started-at="2023-06-13T16:11:41 IST" name="setUp" finished-at="2023-06-13T16:11:43 IST" duration-ms="2233" status="PASS">
          <reporter-output>
          </reporter-output>
        </test-method> <!-- setUp -->
        <test-method signature="addtocart()[pri:0, instance:automation.Saucelab@26d9b808]" started-at="2023-06-13T16:11:43 IST" name="addtocart" finished-at="2023-06-13T16:11:44 IST" duration-ms="1175" status="PASS">
          <reporter-output>
          </reporter-output>
        </test-method> <!-- addtocart -->
      </class> <!-- automation.Saucelab -->
    </test> <!-- Default test -->
  </suite> <!-- Default suite -->
</testng-results>
